30 error execute callback with error
31 error Error: Command failed: yarn install --mutex network:42424 --non-interactive
31 error error F:\sanay\lerna-issue-sample\node_modules\@bahmutov\add-typescript-to-cypress: Command failed.
31 error Exit code: 1
31 error Command: node src/add-plugin.js
31 error Arguments:
31 error Directory: F:\sanay\lerna-issue-sample\node_modules\@bahmutov\add-typescript-to-cypress
31 error Output:
31 error ⚠️ Cannot find "cypress" folder in F:\sanay\lerna-issue-sample
31 error Please scaffold Cypress folder by opening Cypress once
31 error and then installing this package again
31 error See: https://github.com/bahmutov/add-typescript-to-cypress/issues/3
31 error yarn install v1.3.2
31 error [1/4] Resolving packages...
31 error [2/4] Fetching packages...
31 error info fsevents@1.1.3: The platform "win32" is incompatible with this module.
31 error info "fsevents@1.1.3" is an optional dependency and failed compatibility check. Excluding it from installation.
31 error [3/4] Linking dependencies...
31 error [4/4] Building fresh packages...
31 error info Visit https://yarnpkg.com/en/docs/cli/install for documentation about this command.
31 error
31 error     at Promise.all.then.arr (C:\Users\ELITE052A\AppData\Local\Yarn\config\global\node_modules\lerna\node_modules\execa\index.js:236:11)
31 error     at <anonymous>
